[2019-11-02T02:02:03.000Z][QUERY]: SELECT * FROM `INFORMATION_SCHEMA`.`COLUMNS` WHERE `TABLE_SCHEMA` = 'agenda' AND `TABLE_NAME` = 'migrations_typeorm'
[2019-11-02T02:02:03.005Z][QUERY]: SELECT * FROM `agenda`.`migrations_typeorm` `migrations_typeorm`
[2019-11-02T02:02:03.006Z]0 migrations are already loaded in the database.
[2019-11-02T02:02:03.006Z]1 migrations were found in the source code.
[2019-11-02T02:02:03.006Z]1 migrations are new migrations that needs to be executed.
[2019-11-02T02:02:03.006Z][QUERY]: START TRANSACTION
[2019-11-02T02:02:03.007Z][QUERY]: ALTER TABLE `customer` ADD `DaTa` varchar(250) NOT NULL
[2019-11-02T02:02:03.039Z][QUERY]: INSERT INTO `agenda`.`migrations_typeorm`(`timestamp`, `name`) VALUES (?, ?) -- PARAMETERS: [1572660074989,"amir1572660074989"]
[2019-11-02T02:02:03.043Z]Migration amir1572660074989 has been executed successfully.
[2019-11-02T02:02:03.043Z][QUERY]: COMMIT
[2019-11-02T02:02:40.731Z][QUERY]: SELECT * FROM `INFORMATION_SCHEMA`.`COLUMNS` WHERE `TABLE_SCHEMA` = 'agenda' AND `TABLE_NAME` = 'migrations_typeorm'
[2019-11-02T02:02:40.735Z][QUERY]: SELECT * FROM `agenda`.`migrations_typeorm` `migrations_typeorm`
[2019-11-02T02:02:40.736Z]1 migrations are already loaded in the database.
[2019-11-02T02:02:40.736Z]2 migrations were found in the source code.
[2019-11-02T02:02:40.737Z]amir1572660074989 is the last executed migration. It was executed on Fri Nov 01 2019 21:01:14 GMT-0500 (GMT-05:00).
[2019-11-02T02:02:40.737Z]1 migrations are new migrations that needs to be executed.
[2019-11-02T02:02:40.737Z][QUERY]: START TRANSACTION
[2019-11-02T02:02:40.738Z][QUERY]: ALTER TABLE `customer` DROP COLUMN `DaTa`
[2019-11-02T02:02:40.928Z][QUERY]: INSERT INTO `agenda`.`migrations_typeorm`(`timestamp`, `name`) VALUES (?, ?) -- PARAMETERS: [1572660155525,"removeData1572660155525"]
[2019-11-02T02:02:40.933Z]Migration removeData1572660155525 has been executed successfully.
[2019-11-02T02:02:40.933Z][QUERY]: COMMIT
[2021-01-26T14:47:49.987Z][QUERY]: SELECT * FROM `INFORMATION_SCHEMA`.`COLUMNS` WHERE `TABLE_SCHEMA` = 'agiconsu_elecciones' AND `TABLE_NAME` = 'migrations_typeorm'
[2021-01-26T14:47:50.089Z][QUERY]: CREATE TABLE `agiconsu_elecciones`.`migrations_typeorm` (`id` int NOT NULL AUTO_INCREMENT, `timestamp` bigint NOT NULL, `name` varchar(255) NOT NULL, PRIMARY KEY (`id`)) ENGINE=InnoDB
[2021-01-26T14:47:50.193Z][QUERY]: SELECT * FROM `agiconsu_elecciones`.`migrations_typeorm` `migrations_typeorm`  ORDER BY `id` DESC
[2021-01-26T14:47:50.288Z]0 migrations are already loaded in the database.
[2021-01-26T14:47:50.288Z]1 migrations were found in the source code.
[2021-01-26T14:47:50.288Z]1 migrations are new migrations that needs to be executed.
[2021-01-26T14:47:50.289Z][QUERY]: START TRANSACTION
[2021-01-26T14:47:50.381Z][QUERY]: ALTER TABLE `location` ADD `stateId` int NULL
[2021-01-26T14:47:50.520Z][QUERY]: ALTER TABLE `location` ADD CONSTRAINT `FK_98f8f737401262fdb7c7c32cbf8` FOREIGN KEY (`stateId`) REFERENCES `state`(`id`) ON DELETE NO ACTION ON UPDATE NO ACTION
[2021-01-26T14:47:50.637Z][QUERY]: INSERT INTO `agiconsu_elecciones`.`migrations_typeorm`(`timestamp`, `name`) VALUES (?, ?) -- PARAMETERS: [1611672433655,"createrealtions1611672433655"]
[2021-01-26T14:47:50.730Z]Migration createrealtions1611672433655 has been executed successfully.
[2021-01-26T14:47:50.731Z][QUERY]: COMMIT
[2021-01-26T14:48:00.611Z][QUERY]: SELECT * FROM `INFORMATION_SCHEMA`.`COLUMNS` WHERE `TABLE_SCHEMA` = 'agiconsu_elecciones' AND `TABLE_NAME` = 'migrations_typeorm'
[2021-01-26T14:48:00.715Z][QUERY]: SELECT * FROM `agiconsu_elecciones`.`migrations_typeorm` `migrations_typeorm`  ORDER BY `id` DESC
[2021-01-26T14:48:00.815Z]No migrations are pending
[2021-01-26T14:49:35.612Z][QUERY]: SELECT * FROM `INFORMATION_SCHEMA`.`COLUMNS` WHERE `TABLE_SCHEMA` = 'agiconsu_elecciones' AND `TABLE_NAME` = 'migrations_typeorm'
[2021-01-26T14:49:35.716Z][QUERY]: SELECT * FROM `agiconsu_elecciones`.`migrations_typeorm` `migrations_typeorm`  ORDER BY `id` DESC
[2021-01-26T14:49:35.815Z]No migrations are pending
[2021-01-26T15:17:00.108Z][QUERY]: SELECT * FROM `INFORMATION_SCHEMA`.`COLUMNS` WHERE `TABLE_SCHEMA` = 'agiconsu_elecciones' AND `TABLE_NAME` = 'migrations_typeorm'
[2021-01-26T15:17:00.221Z][QUERY]: SELECT * FROM `agiconsu_elecciones`.`migrations_typeorm` `migrations_typeorm`  ORDER BY `id` DESC
[2021-01-26T15:17:00.319Z]No migrations are pending
